<?xml version="1.0" encoding="UTF-8"?>
<coverage generated="1452001986">
  <project timestamp="1452001986">
    <package name="App\Console\Commands">
      <file name="/usr/share/nginx/html/rentit/app/Console/Commands/Inspire.php">
        <class name="Inspire" namespace="App\Console\Commands">
          <metrics methods="1" coveredmethods="0" conditionals="0" coveredconditionals="0" statements="3" coveredstatements="0" elements="4" coveredelements="0"/>
        </class>
        <line num="29" type="method" name="handle" crap="2" count="0"/>
        <line num="30" type="stmt" count="0"/>
        <line num="31" type="stmt" count="0"/>
        <line num="32" type="stmt" count="0"/>
        <metrics loc="33" ncloc="18" classes="1" methods="1" coveredmethods="0" conditionals="0" coveredconditionals="0" statements="3" coveredstatements="0" elements="4" coveredelements="0"/>
      </file>
    </package>
    <package name="App\Console">
      <file name="/usr/share/nginx/html/rentit/app/Console/Kernel.php">
        <class name="Kernel" namespace="App\Console">
          <metrics methods="1" coveredmethods="1" conditionals="0" coveredconditionals="0" statements="3" coveredstatements="3" elements="4" coveredelements="4"/>
        </class>
        <line num="25" type="method" name="schedule" crap="1" count="17"/>
        <line num="27" type="stmt" count="17"/>
        <line num="28" type="stmt" count="17"/>
        <line num="29" type="stmt" count="17"/>
        <metrics loc="30" ncloc="19" classes="1" methods="1" coveredmethods="1" conditionals="0" coveredconditionals="0" statements="3" coveredstatements="3" elements="4" coveredelements="4"/>
      </file>
    </package>
    <package name="App\Events">
      <file name="/usr/share/nginx/html/rentit/app/Events/Event.php">
        <class name="Event" namespace="App\Events">
          <metrics methods="0" coveredmethods="0" conditionals="0" coveredconditionals="0" statements="0" coveredstatements="0" elements="0" coveredelements="0"/>
        </class>
        <metrics loc="8" ncloc="6" classes="1" methods="0" coveredmethods="0" conditionals="0" coveredconditionals="0" statements="0" coveredstatements="0" elements="0" coveredelements="0"/>
      </file>
    </package>
    <package name="App\Exceptions">
      <file name="/usr/share/nginx/html/rentit/app/Exceptions/Handler.php">
        <class name="Handler" namespace="App\Exceptions">
          <metrics methods="2" coveredmethods="1" conditionals="0" coveredconditionals="0" statements="5" coveredstatements="3" elements="7" coveredelements="4"/>
        </class>
        <line num="31" type="method" name="report" crap="1" count="1"/>
        <line num="33" type="stmt" count="1"/>
        <line num="43" type="method" name="render" crap="2.50" count="1"/>
        <line num="45" type="stmt" count="1"/>
        <line num="46" type="stmt" count="0"/>
        <line num="47" type="stmt" count="0"/>
        <line num="49" type="stmt" count="1"/>
        <metrics loc="51" ncloc="31" classes="1" methods="2" coveredmethods="1" conditionals="0" coveredconditionals="0" statements="5" coveredstatements="3" elements="7" coveredelements="4"/>
      </file>
    </package>
    <package name="App\Http\Controllers\Admin\Bookings">
      <file name="/usr/share/nginx/html/rentit/app/Http/Controllers/Admin/Bookings/bookingsController.php">
        <class name="bookingsController" namespace="App\Http\Controllers\Admin\Bookings">
          <metrics methods="10" coveredmethods="5" conditionals="0" coveredconditionals="0" statements="50" coveredstatements="20" elements="60" coveredelements="25"/>
        </class>
        <line num="23" type="method" name="index" crap="1" count="3"/>
        <line num="25" type="stmt" count="3"/>
        <line num="28" type="stmt" count="3"/>
        <line num="37" type="method" name="completedList" crap="1" count="1"/>
        <line num="38" type="stmt" count="1"/>
        <line num="40" type="stmt" count="1"/>
        <line num="47" type="method" name="ongoingList" crap="1" count="1"/>
        <line num="48" type="stmt" count="1"/>
        <line num="50" type="stmt" count="1"/>
        <line num="57" type="method" name="upcomingList" crap="1" count="1"/>
        <line num="58" type="stmt" count="1"/>
        <line num="60" type="stmt" count="1"/>
        <line num="68" type="method" name="create" crap="1" count="2"/>
        <line num="70" type="stmt" count="2"/>
        <line num="81" type="method" name="store" crap="2.57" count="1"/>
        <line num="86" type="stmt" count="1"/>
        <line num="87" type="stmt" count="1"/>
        <line num="88" type="stmt" count="1"/>
        <line num="89" type="stmt" count="1"/>
        <line num="90" type="stmt" count="1"/>
        <line num="91" type="stmt" count="1"/>
        <line num="92" type="stmt" count="1"/>
        <line num="96" type="stmt" count="1"/>
        <line num="101" type="stmt" count="1"/>
        <line num="105" type="stmt" count="1"/>
        <line num="106" type="stmt" count="1"/>
        <line num="110" type="stmt" count="0"/>
        <line num="112" type="stmt" count="0"/>
        <line num="113" type="stmt" count="0"/>
        <line num="114" type="stmt" count="0"/>
        <line num="115" type="stmt" count="0"/>
        <line num="116" type="stmt" count="0"/>
        <line num="117" type="stmt" count="0"/>
        <line num="118" type="stmt" count="0"/>
        <line num="119" type="stmt" count="0"/>
        <line num="121" type="stmt" count="0"/>
        <line num="124" type="stmt" count="0"/>
        <line num="126" type="stmt" count="0"/>
        <line num="143" type="method" name="show" crap="2" count="0"/>
        <line num="146" type="stmt" count="0"/>
        <line num="154" type="method" name="edit" crap="2" count="0"/>
        <line num="159" type="stmt" count="0"/>
        <line num="164" type="stmt" count="0"/>
        <line num="175" type="method" name="update" crap="2" count="0"/>
        <line num="180" type="stmt" count="0"/>
        <line num="182" type="stmt" count="0"/>
        <line num="183" type="stmt" count="0"/>
        <line num="184" type="stmt" count="0"/>
        <line num="185" type="stmt" count="0"/>
        <line num="186" type="stmt" count="0"/>
        <line num="187" type="stmt" count="0"/>
        <line num="188" type="stmt" count="0"/>
        <line num="189" type="stmt" count="0"/>
        <line num="191" type="stmt" count="0"/>
        <line num="193" type="stmt" count="0"/>
        <line num="204" type="method" name="destroy" crap="2" count="0"/>
        <line num="207" type="stmt" count="0"/>
        <line num="210" type="stmt" count="0"/>
        <line num="213" type="stmt" count="0"/>
        <line num="215" type="stmt" count="0"/>
        <metrics loc="219" ncloc="145" classes="1" methods="10" coveredmethods="5" conditionals="0" coveredconditionals="0" statements="50" coveredstatements="20" elements="60" coveredelements="25"/>
      </file>
    </package>
    <package name="App\Http\Controllers\Admin\Cars">
      <file name="/usr/share/nginx/html/rentit/app/Http/Controllers/Admin/Cars/carsController.php">
        <class name="carsController" namespace="App\Http\Controllers\Admin\Cars">
          <metrics methods="10" coveredmethods="0" conditionals="0" coveredconditionals="0" statements="68" coveredstatements="0" elements="78" coveredelements="0"/>
        </class>
        <line num="21" type="method" name="index" crap="2" count="0"/>
        <line num="22" type="stmt" count="0"/>
        <line num="23" type="stmt" count="0"/>
        <line num="24" type="stmt" count="0"/>
        <line num="25" type="stmt" count="0"/>
        <line num="32" type="method" name="onGarage" crap="2" count="0"/>
        <line num="33" type="stmt" count="0"/>
        <line num="35" type="stmt" count="0"/>
        <line num="36" type="stmt" count="0"/>
        <line num="43" type="method" name="onService" crap="2" count="0"/>
        <line num="44" type="stmt" count="0"/>
        <line num="46" type="stmt" count="0"/>
        <line num="47" type="stmt" count="0"/>
        <line num="55" type="method" name="onRepair" crap="2" count="0"/>
        <line num="56" type="stmt" count="0"/>
        <line num="58" type="stmt" count="0"/>
        <line num="59" type="stmt" count="0"/>
        <line num="66" type="method" name="create" crap="2" count="0"/>
        <line num="67" type="stmt" count="0"/>
        <line num="69" type="stmt" count="0"/>
        <line num="70" type="stmt" count="0"/>
        <line num="78" type="method" name="store" crap="6" count="0"/>
        <line num="79" type="stmt" count="0"/>
        <line num="84" type="stmt" count="0"/>
        <line num="85" type="stmt" count="0"/>
        <line num="86" type="stmt" count="0"/>
        <line num="87" type="stmt" count="0"/>
        <line num="88" type="stmt" count="0"/>
        <line num="89" type="stmt" count="0"/>
        <line num="90" type="stmt" count="0"/>
        <line num="91" type="stmt" count="0"/>
        <line num="92" type="stmt" count="0"/>
        <line num="93" type="stmt" count="0"/>
        <line num="94" type="stmt" count="0"/>
        <line num="97" type="stmt" count="0"/>
        <line num="99" type="stmt" count="0"/>
        <line num="103" type="stmt" count="0"/>
        <line num="104" type="stmt" count="0"/>
        <line num="106" type="stmt" count="0"/>
        <line num="107" type="stmt" count="0"/>
        <line num="108" type="stmt" count="0"/>
        <line num="109" type="stmt" count="0"/>
        <line num="110" type="stmt" count="0"/>
        <line num="111" type="stmt" count="0"/>
        <line num="112" type="stmt" count="0"/>
        <line num="113" type="stmt" count="0"/>
        <line num="114" type="stmt" count="0"/>
        <line num="116" type="stmt" count="0"/>
        <line num="121" type="stmt" count="0"/>
        <line num="122" type="stmt" count="0"/>
        <line num="125" type="stmt" count="0"/>
        <line num="126" type="stmt" count="0"/>
        <line num="127" type="stmt" count="0"/>
        <line num="128" type="stmt" count="0"/>
        <line num="138" type="stmt" count="0"/>
        <line num="139" type="stmt" count="0"/>
        <line num="140" type="stmt" count="0"/>
        <line num="147" type="stmt" count="0"/>
        <line num="155" type="method" name="show" crap="2" count="0"/>
        <line num="156" type="stmt" count="0"/>
        <line num="158" type="stmt" count="0"/>
        <line num="160" type="stmt" count="0"/>
        <line num="162" type="stmt" count="0"/>
        <line num="170" type="method" name="edit" crap="2" count="0"/>
        <line num="171" type="stmt" count="0"/>
        <line num="173" type="stmt" count="0"/>
        <line num="176" type="stmt" count="0"/>
        <line num="177" type="stmt" count="0"/>
        <line num="186" type="method" name="update" crap="2" count="0"/>
        <line num="187" type="stmt" count="0"/>
        <line num="189" type="stmt" count="0"/>
        <line num="190" type="stmt" count="0"/>
        <line num="198" type="method" name="destroy" crap="2" count="0"/>
        <line num="199" type="stmt" count="0"/>
        <line num="201" type="stmt" count="0"/>
        <line num="203" type="stmt" count="0"/>
        <line num="207" type="stmt" count="0"/>
        <line num="210" type="stmt" count="0"/>
        <metrics loc="211" ncloc="125" classes="1" methods="10" coveredmethods="0" conditionals="0" coveredconditionals="0" statements="68" coveredstatements="0" elements="78" coveredelements="0"/>
      </file>
    </package>
    <package name="App\Http\Controllers\Admin\Price">
      <file name="/usr/share/nginx/html/rentit/app/Http/Controllers/Admin/Price/priceController.php">
        <class name="PriceController" namespace="App\Http\Controllers\Admin\Price">
          <metrics methods="7" coveredmethods="4" conditionals="0" coveredconditionals="0" statements="8" coveredstatements="5" elements="15" coveredelements="9"/>
        </class>
        <line num="18" type="method" name="index" crap="1" count="4"/>
        <line num="21" type="stmt" count="4"/>
        <line num="22" type="stmt" count="4"/>
        <line num="31" type="method" name="create" crap="1" count="2"/>
        <line num="34" type="stmt" count="2"/>
        <line num="43" type="method" name="store" crap="1" count="1"/>
        <line num="46" type="stmt" count="1"/>
        <line num="54" type="method" name="show" crap="2" count="0"/>
        <line num="57" type="stmt" count="0"/>
        <line num="65" type="method" name="edit" crap="1" count="1"/>
        <line num="68" type="stmt" count="1"/>
        <line num="77" type="method" name="update" crap="2" count="0"/>
        <line num="80" type="stmt" count="0"/>
        <line num="88" type="method" name="destroy" crap="2" count="0"/>
        <line num="91" type="stmt" count="0"/>
        <metrics loc="92" ncloc="37" classes="1" methods="7" coveredmethods="4" conditionals="0" coveredconditionals="0" statements="8" coveredstatements="5" elements="15" coveredelements="9"/>
      </file>
    </package>
    <package name="App\Http\Controllers\Admin">
      <file name="/usr/share/nginx/html/rentit/app/Http/Controllers/Admin/adminHomeController.php">
        <class name="adminHomeController" namespace="App\Http\Controllers\Admin">
          <metrics methods="7" coveredmethods="1" conditionals="0" coveredconditionals="0" statements="7" coveredstatements="1" elements="14" coveredelements="2"/>
        </class>
        <line num="17" type="method" name="index" crap="1" count="1"/>
        <line num="19" type="stmt" count="1"/>
        <line num="27" type="method" name="create" crap="2" count="0"/>
        <line num="30" type="stmt" count="0"/>
        <line num="38" type="method" name="store" crap="2" count="0"/>
        <line num="41" type="stmt" count="0"/>
        <line num="49" type="method" name="show" crap="2" count="0"/>
        <line num="52" type="stmt" count="0"/>
        <line num="60" type="method" name="edit" crap="2" count="0"/>
        <line num="63" type="stmt" count="0"/>
        <line num="72" type="method" name="update" crap="2" count="0"/>
        <line num="75" type="stmt" count="0"/>
        <line num="83" type="method" name="destroy" crap="2" count="0"/>
        <line num="86" type="stmt" count="0"/>
        <metrics loc="87" ncloc="34" classes="1" methods="7" coveredmethods="1" conditionals="0" coveredconditionals="0" statements="7" coveredstatements="1" elements="14" coveredelements="2"/>
      </file>
    </package>
    <package name="App\Http\Controllers\Auth">
      <file name="/usr/share/nginx/html/rentit/app/Http/Controllers/Auth/AuthController.php">
        <class name="AuthController" namespace="App\Http\Controllers\Auth">
          <metrics methods="3" coveredmethods="0" conditionals="0" coveredconditionals="0" statements="17" coveredstatements="0" elements="20" coveredelements="0"/>
        </class>
        <line num="31" type="method" name="__construct" crap="2" count="0"/>
        <line num="32" type="stmt" count="0"/>
        <line num="33" type="stmt" count="0"/>
        <line num="34" type="stmt" count="0"/>
        <line num="42" type="method" name="validator" crap="2" count="0"/>
        <line num="43" type="stmt" count="0"/>
        <line num="44" type="stmt" count="0"/>
        <line num="45" type="stmt" count="0"/>
        <line num="46" type="stmt" count="0"/>
        <line num="47" type="stmt" count="0"/>
        <line num="48" type="stmt" count="0"/>
        <line num="49" type="stmt" count="0"/>
        <line num="57" type="method" name="create" crap="2" count="0"/>
        <line num="58" type="stmt" count="0"/>
        <line num="59" type="stmt" count="0"/>
        <line num="60" type="stmt" count="0"/>
        <line num="61" type="stmt" count="0"/>
        <line num="62" type="stmt" count="0"/>
        <line num="63" type="stmt" count="0"/>
        <line num="64" type="stmt" count="0"/>
        <metrics loc="65" ncloc="38" classes="1" methods="3" coveredmethods="0" conditionals="0" coveredconditionals="0" statements="17" coveredstatements="0" elements="20" coveredelements="0"/>
      </file>
      <file name="/usr/share/nginx/html/rentit/app/Http/Controllers/Auth/PasswordController.php">
        <class name="PasswordController" namespace="App\Http\Controllers\Auth">
          <metrics methods="1" coveredmethods="0" conditionals="0" coveredconditionals="0" statements="3" coveredstatements="0" elements="4" coveredelements="0"/>
        </class>
        <line num="28" type="method" name="__construct" crap="2" count="0"/>
        <line num="29" type="stmt" count="0"/>
        <line num="30" type="stmt" count="0"/>
        <line num="31" type="stmt" count="0"/>
        <metrics loc="32" ncloc="17" classes="1" methods="1" coveredmethods="0" conditionals="0" coveredconditionals="0" statements="3" coveredstatements="0" elements="4" coveredelements="0"/>
      </file>
    </package>
    <package name="App\Http\Controllers">
      <file name="/usr/share/nginx/html/rentit/app/Http/Controllers/Controller.php">
        <class name="Controller" namespace="App\Http\Controllers">
          <metrics methods="0" coveredmethods="0" conditionals="0" coveredconditionals="0" statements="0" coveredstatements="0" elements="0" coveredelements="0"/>
        </class>
        <metrics loc="13" ncloc="13" classes="1" methods="0" coveredmethods="0" conditionals="0" coveredconditionals="0" statements="0" coveredstatements="0" elements="0" coveredelements="0"/>
      </file>
      <file name="/usr/share/nginx/html/rentit/app/Http/Controllers/adminHomeController.php">
        <class name="adminHomeController" namespace="App\Http\Controllers">
          <metrics methods="7" coveredmethods="0" conditionals="0" coveredconditionals="0" statements="15" coveredstatements="0" elements="22" coveredelements="0"/>
        </class>
        <line num="17" type="method" name="index" crap="2" count="0"/>
        <line num="18" type="stmt" count="0"/>
        <line num="19" type="stmt" count="0"/>
        <line num="20" type="stmt" count="0"/>
        <line num="27" type="method" name="create" crap="2" count="0"/>
        <line num="28" type="stmt" count="0"/>
        <line num="30" type="stmt" count="0"/>
        <line num="38" type="method" name="store" crap="2" count="0"/>
        <line num="39" type="stmt" count="0"/>
        <line num="41" type="stmt" count="0"/>
        <line num="49" type="method" name="show" crap="2" count="0"/>
        <line num="50" type="stmt" count="0"/>
        <line num="52" type="stmt" count="0"/>
        <line num="60" type="method" name="edit" crap="2" count="0"/>
        <line num="61" type="stmt" count="0"/>
        <line num="63" type="stmt" count="0"/>
        <line num="72" type="method" name="update" crap="2" count="0"/>
        <line num="73" type="stmt" count="0"/>
        <line num="75" type="stmt" count="0"/>
        <line num="83" type="method" name="destroy" crap="2" count="0"/>
        <line num="84" type="stmt" count="0"/>
        <line num="86" type="stmt" count="0"/>
        <metrics loc="87" ncloc="34" classes="1" methods="7" coveredmethods="0" conditionals="0" coveredconditionals="0" statements="15" coveredstatements="0" elements="22" coveredelements="0"/>
      </file>
    </package>
    <package name="App\Http">
      <file name="/usr/share/nginx/html/rentit/app/Http/Kernel.php">
        <class name="Kernel" namespace="App\Http">
          <metrics methods="0" coveredmethods="0" conditionals="0" coveredconditionals="0" statements="0" coveredstatements="0" elements="0" coveredelements="0"/>
        </class>
        <metrics loc="33" ncloc="23" classes="1" methods="0" coveredmethods="0" conditionals="0" coveredconditionals="0" statements="0" coveredstatements="0" elements="0" coveredelements="0"/>
      </file>
    </package>
    <package name="App\Http\Middleware">
      <file name="/usr/share/nginx/html/rentit/app/Http/Middleware/Authenticate.php">
        <class name="Authenticate" namespace="App\Http\Middleware">
          <metrics methods="2" coveredmethods="0" conditionals="0" coveredconditionals="0" statements="13" coveredstatements="0" elements="15" coveredelements="0"/>
        </class>
        <line num="23" type="method" name="__construct" crap="2" count="0"/>
        <line num="24" type="stmt" count="0"/>
        <line num="25" type="stmt" count="0"/>
        <line num="26" type="stmt" count="0"/>
        <line num="35" type="method" name="handle" crap="12" count="0"/>
        <line num="36" type="stmt" count="0"/>
        <line num="37" type="stmt" count="0"/>
        <line num="38" type="stmt" count="0"/>
        <line num="39" type="stmt" count="0"/>
        <line num="40" type="stmt" count="0"/>
        <line num="41" type="stmt" count="0"/>
        <line num="42" type="stmt" count="0"/>
        <line num="43" type="stmt" count="0"/>
        <line num="45" type="stmt" count="0"/>
        <line num="46" type="stmt" count="0"/>
        <metrics loc="47" ncloc="29" classes="1" methods="2" coveredmethods="0" conditionals="0" coveredconditionals="0" statements="13" coveredstatements="0" elements="15" coveredelements="0"/>
      </file>
      <file name="/usr/share/nginx/html/rentit/app/Http/Middleware/EncryptCookies.php">
        <class name="EncryptCookies" namespace="App\Http\Middleware">
          <metrics methods="0" coveredmethods="0" conditionals="0" coveredconditionals="0" statements="0" coveredstatements="0" elements="0" coveredelements="0"/>
        </class>
        <metrics loc="17" ncloc="10" classes="1" methods="0" coveredmethods="0" conditionals="0" coveredconditionals="0" statements="0" coveredstatements="0" elements="0" coveredelements="0"/>
      </file>
      <file name="/usr/share/nginx/html/rentit/app/Http/Middleware/RedirectIfAuthenticated.php">
        <class name="RedirectIfAuthenticated" namespace="App\Http\Middleware">
          <metrics methods="2" coveredmethods="0" conditionals="0" coveredconditionals="0" statements="9" coveredstatements="0" elements="11" coveredelements="0"/>
        </class>
        <line num="23" type="method" name="__construct" crap="2" count="0"/>
        <line num="24" type="stmt" count="0"/>
        <line num="25" type="stmt" count="0"/>
        <line num="26" type="stmt" count="0"/>
        <line num="35" type="method" name="handle" crap="6" count="0"/>
        <line num="36" type="stmt" count="0"/>
        <line num="37" type="stmt" count="0"/>
        <line num="38" type="stmt" count="0"/>
        <line num="39" type="stmt" count="0"/>
        <line num="41" type="stmt" count="0"/>
        <line num="42" type="stmt" count="0"/>
        <metrics loc="43" ncloc="25" classes="1" methods="2" coveredmethods="0" conditionals="0" coveredconditionals="0" statements="9" coveredstatements="0" elements="11" coveredelements="0"/>
      </file>
      <file name="/usr/share/nginx/html/rentit/app/Http/Middleware/VerifyCsrfToken.php">
        <class name="VerifyCsrfToken" namespace="App\Http\Middleware">
          <metrics methods="0" coveredmethods="0" conditionals="0" coveredconditionals="0" statements="0" coveredstatements="0" elements="0" coveredelements="0"/>
        </class>
        <metrics loc="17" ncloc="10" classes="1" methods="0" coveredmethods="0" conditionals="0" coveredconditionals="0" statements="0" coveredstatements="0" elements="0" coveredelements="0"/>
      </file>
    </package>
    <package name="App\Http\Requests">
      <file name="/usr/share/nginx/html/rentit/app/Http/Requests/Request.php">
        <class name="Request" namespace="App\Http\Requests">
          <metrics methods="0" coveredmethods="0" conditionals="0" coveredconditionals="0" statements="0" coveredstatements="0" elements="0" coveredelements="0"/>
        </class>
        <metrics loc="10" ncloc="8" classes="1" methods="0" coveredmethods="0" conditionals="0" coveredconditionals="0" statements="0" coveredstatements="0" elements="0" coveredelements="0"/>
      </file>
    </package>
    <file name="/usr/share/nginx/html/rentit/app/Http/routes.php">
      <line num="15" type="stmt" count="1"/>
      <line num="16" type="stmt" count="17"/>
      <line num="31" type="stmt" count="17"/>
      <line num="36" type="stmt" count="17"/>
      <line num="39" type="stmt" count="17"/>
      <line num="42" type="stmt" count="17"/>
      <line num="45" type="stmt" count="17"/>
      <line num="48" type="stmt" count="17"/>
      <line num="50" type="stmt" count="17"/>
      <line num="52" type="stmt" count="17"/>
      <line num="55" type="stmt" count="17"/>
      <line num="57" type="stmt" count="17"/>
      <line num="59" type="stmt" count="17"/>
      <line num="63" type="stmt" count="17"/>
      <line num="65" type="stmt" count="17"/>
      <line num="67" type="stmt" count="17"/>
      <line num="69" type="stmt" count="17"/>
      <line num="71" type="stmt" count="17"/>
      <line num="73" type="stmt" count="17"/>
      <line num="75" type="stmt" count="17"/>
      <line num="77" type="stmt" count="17"/>
      <line num="80" type="stmt" count="17"/>
      <line num="83" type="stmt" count="17"/>
      <line num="85" type="stmt" count="17"/>
      <line num="90" type="stmt" count="17"/>
      <line num="92" type="stmt" count="17"/>
      <line num="94" type="stmt" count="17"/>
      <line num="97" type="stmt" count="17"/>
      <line num="98" type="stmt" count="17"/>
      <line num="100" type="stmt" count="17"/>
      <metrics loc="99" ncloc="32" classes="0" methods="0" coveredmethods="0" conditionals="0" coveredconditionals="0" statements="29" coveredstatements="29" elements="29" coveredelements="29"/>
    </file>
    <package name="App\Jobs">
      <file name="/usr/share/nginx/html/rentit/app/Jobs/Job.php">
        <class name="Job" namespace="App\Jobs">
          <metrics methods="0" coveredmethods="0" conditionals="0" coveredconditionals="0" statements="0" coveredstatements="0" elements="0" coveredelements="0"/>
        </class>
        <metrics loc="21" ncloc="11" classes="1" methods="0" coveredmethods="0" conditionals="0" coveredconditionals="0" statements="0" coveredstatements="0" elements="0" coveredelements="0"/>
      </file>
    </package>
    <package name="App\Model">
      <file name="/usr/share/nginx/html/rentit/app/Model/BookingsModel.php">
        <class name="BookingsModel" namespace="App\Model">
          <metrics methods="0" coveredmethods="0" conditionals="0" coveredconditionals="0" statements="0" coveredstatements="0" elements="0" coveredelements="0"/>
        </class>
        <metrics loc="17" ncloc="12" classes="1" methods="0" coveredmethods="0" conditionals="0" coveredconditionals="0" statements="0" coveredstatements="0" elements="0" coveredelements="0"/>
      </file>
      <file name="/usr/share/nginx/html/rentit/app/Model/CarsModel.php">
        <class name="CarsModel" namespace="App\Model">
          <metrics methods="0" coveredmethods="0" conditionals="0" coveredconditionals="0" statements="0" coveredstatements="0" elements="0" coveredelements="0"/>
        </class>
        <metrics loc="13" ncloc="11" classes="1" methods="0" coveredmethods="0" conditionals="0" coveredconditionals="0" statements="0" coveredstatements="0" elements="0" coveredelements="0"/>
      </file>
      <file name="/usr/share/nginx/html/rentit/app/Model/PriceModel.php">
        <class name="PriceModel" namespace="App\Model">
          <metrics methods="0" coveredmethods="0" conditionals="0" coveredconditionals="0" statements="0" coveredstatements="0" elements="0" coveredelements="0"/>
        </class>
        <metrics loc="11" ncloc="9" classes="1" methods="0" coveredmethods="0" conditionals="0" coveredconditionals="0" statements="0" coveredstatements="0" elements="0" coveredelements="0"/>
      </file>
    </package>
    <package name="App\Providers">
      <file name="/usr/share/nginx/html/rentit/app/Providers/AppServiceProvider.php">
        <class name="AppServiceProvider" namespace="App\Providers">
          <metrics methods="2" coveredmethods="2" conditionals="0" coveredconditionals="0" statements="2" coveredstatements="2" elements="4" coveredelements="4"/>
        </class>
        <line num="14" type="method" name="boot" crap="1" count="17"/>
        <line num="17" type="stmt" count="17"/>
        <line num="24" type="method" name="register" crap="1" count="17"/>
        <line num="27" type="stmt" count="17"/>
        <metrics loc="28" ncloc="14" classes="1" methods="2" coveredmethods="2" conditionals="0" coveredconditionals="0" statements="2" coveredstatements="2" elements="4" coveredelements="4"/>
      </file>
      <file name="/usr/share/nginx/html/rentit/app/Providers/AuthServiceProvider.php">
        <class name="AuthServiceProvider" namespace="App\Providers">
          <metrics methods="1" coveredmethods="1" conditionals="0" coveredconditionals="0" statements="2" coveredstatements="2" elements="3" coveredelements="3"/>
        </class>
        <line num="25" type="method" name="boot" crap="1" count="17"/>
        <line num="27" type="stmt" count="17"/>
        <line num="30" type="stmt" count="17"/>
        <metrics loc="31" ncloc="18" classes="1" methods="1" coveredmethods="1" conditionals="0" coveredconditionals="0" statements="2" coveredstatements="2" elements="3" coveredelements="3"/>
      </file>
      <file name="/usr/share/nginx/html/rentit/app/Providers/EventServiceProvider.php">
        <class name="EventServiceProvider" namespace="App\Providers">
          <metrics methods="1" coveredmethods="1" conditionals="0" coveredconditionals="0" statements="2" coveredstatements="2" elements="3" coveredelements="3"/>
        </class>
        <line num="27" type="method" name="boot" crap="1" count="17"/>
        <line num="29" type="stmt" count="17"/>
        <line num="32" type="stmt" count="17"/>
        <metrics loc="33" ncloc="20" classes="1" methods="1" coveredmethods="1" conditionals="0" coveredconditionals="0" statements="2" coveredstatements="2" elements="3" coveredelements="3"/>
      </file>
      <file name="/usr/share/nginx/html/rentit/app/Providers/RouteServiceProvider.php">
        <class name="RouteServiceProvider" namespace="App\Providers">
          <metrics methods="2" coveredmethods="2" conditionals="0" coveredconditionals="0" statements="4" coveredstatements="4" elements="6" coveredelements="6"/>
        </class>
        <line num="25" type="method" name="boot" crap="1" count="17"/>
        <line num="29" type="stmt" count="17"/>
        <line num="30" type="stmt" count="17"/>
        <line num="40" type="method" name="anonymous function" crap="1" count="17"/>
        <line num="41" type="stmt" count="17"/>
        <line num="42" type="stmt" count="17"/>
        <line num="43" type="stmt" count="17"/>
        <metrics loc="44" ncloc="23" classes="1" methods="2" coveredmethods="2" conditionals="0" coveredconditionals="0" statements="5" coveredstatements="5" elements="7" coveredelements="7"/>
      </file>
    </package>
    <package name="App">
      <file name="/usr/share/nginx/html/rentit/app/User.php">
        <class name="User" namespace="App">
          <metrics methods="0" coveredmethods="0" conditionals="0" coveredconditionals="0" statements="0" coveredstatements="0" elements="0" coveredelements="0"/>
        </class>
        <metrics loc="39" ncloc="24" classes="1" methods="0" coveredmethods="0" conditionals="0" coveredconditionals="0" statements="0" coveredstatements="0" elements="0" coveredelements="0"/>
      </file>
    </package>
    <metrics files="28" loc="1431" ncloc="796" classes="27" methods="59" coveredmethods="18" conditionals="0" coveredconditionals="0" statements="241" coveredstatements="72" elements="300" coveredelements="90"/>
  </project>
</coverage>
